pan:1: assertion violated ((x>=0)&&(x<=10)) (at depth 91)
pan: wrote lab3.txt.trail

(Spin Version 6.2.7 -- 2 March 2014)
Warning: Search not completed
	+ Partial Order Reduction

Full statespace search for:
	never claim         	- (none specified)
	assertion violations	+
	acceptance   cycles 	- (not selected)
	invalid end states	+

State-vector 32 byte, depth reached 178, errors: 1
      420 states, stored
      527 states, matched
      947 transitions (= stored+matched) 
        3 atomic steps
hash conflicts:         0 (resolved)

Stats on memory usage (in Megabytes):
    0.019	equivalent memory usage for states (stored*(State-vector + overhead))
    0.290	actual memory usage for states
   64.000	memory used for hash table (-w24)
    0.343	memory used for DFS stack (-m10000)
   64.539	total actual memory usage



pan: elapsed time 0.002 seconds
